<?xml version="1.0" encoding="UTF-8"?>
<!-- Generated by org.testng.reporters.JUnitXMLReporter -->
<testsuite ignored="0" hostname="SSI-WAFZAL-LLP" failures="0" tests="5" name="Error Validation Test" time="83.359" errors="0" timestamp="2024-08-18T19:05:53 PKT">
  <testcase classname="rahulshetty.tests.ErrorValidationTest" name="invalidOrder" time="15.717"/>
  <testcase classname="rahulshetty.tests.ErrorValidationTest" name="submitOrder" time="0.674"/>
  <testcase classname="rahulshetty.tests.SubmitOrder" name="submitOrder" time="19.231"/>
  <testcase classname="rahulshetty.tests.SubmitOrder" name="submitOrder" time="7.756"/>
  <testcase classname="rahulshetty.tests.SubmitOrder" name="OrderHistory" time="1.73"/>
</testsuite> <!-- Error Validation Test -->
